d:\3dgraphics\directx\engines\incrediblex\incrediblex\debug\vc142.pdb
d:\3dgraphics\directx\engines\incrediblex\incrediblex\debug\vc142.idb
d:\3dgraphics\directx\engines\incrediblex\incrediblex\debug\stringconverter.obj
d:\3dgraphics\directx\engines\incrediblex\incrediblex\debug\main.obj
d:\3dgraphics\directx\engines\incrediblex\incrediblex\debug\logger.obj
d:\3dgraphics\directx\engines\incrediblex\incrediblex\debug\renderwindow.obj
d:\3dgraphics\directx\engines\incrediblex\incrediblex\debug\windowcontainer.obj
d:\3dgraphics\directx\engines\incrediblex\incrediblex\debug\keyboardevent.obj
d:\3dgraphics\directx\engines\incrediblex\incrediblex\debug\keyboard.obj
d:\3dgraphics\directx\engines\incrediblex\incrediblex\debug\engine.obj
d:\3dgraphics\directx\engines\incrediblex\incrediblex\debug\mouseevent.obj
d:\3dgraphics\directx\engines\incrediblex\incrediblex\debug\mouse.obj
d:\3dgraphics\directx\engines\incrediblex\incrediblex\debug\graphics.obj
d:\3dgraphics\directx\engines\incrediblex\incrediblex\debug\adapterreader.obj
d:\3dgraphics\directx\engines\incrediblex\incrediblex\debug\vertex.obj
d:\3dgraphics\directx\engines\incrediblex\incrediblex\debug\shaders.obj
d:\3dgraphics\directx\engines\incrediblex\debug\pixelshader.cso
d:\3dgraphics\directx\engines\incrediblex\debug\vertexshader.cso
d:\3dgraphics\directx\engines\incrediblex\debug\incrediblex.exe
d:\3dgraphics\directx\engines\incrediblex\debug\incrediblex.ilk
d:\3dgraphics\directx\engines\incrediblex\debug\incrediblex.pdb
d:\3dgraphics\directx\engines\incrediblex\incrediblex\debug\graphics.new.obj.enc
d:\3dgraphics\directx\engines\incrediblex\incrediblex\debug\incrediblex.tlog\cl.command.1.tlog
d:\3dgraphics\directx\engines\incrediblex\incrediblex\debug\incrediblex.tlog\cl.read.1.tlog
d:\3dgraphics\directx\engines\incrediblex\incrediblex\debug\incrediblex.tlog\cl.write.1.tlog
d:\3dgraphics\directx\engines\incrediblex\incrediblex\debug\incrediblex.tlog\fxc.command.1.tlog
d:\3dgraphics\directx\engines\incrediblex\incrediblex\debug\incrediblex.tlog\fxc.read.1.tlog
d:\3dgraphics\directx\engines\incrediblex\incrediblex\debug\incrediblex.tlog\fxc.write.1.tlog
d:\3dgraphics\directx\engines\incrediblex\incrediblex\debug\incrediblex.tlog\link.command.1.tlog
d:\3dgraphics\directx\engines\incrediblex\incrediblex\debug\incrediblex.tlog\link.read.1.tlog
d:\3dgraphics\directx\engines\incrediblex\incrediblex\debug\incrediblex.tlog\link.write.1.tlog
